# Synopsys Constraint Checker, version maplat, Build 1796R, built Aug  4 2017
# Copyright (C) 1994-2017 Synopsys, Inc. This Synopsys software and all associated documentation are proprietary to Synopsys, Inc. and may only be used pursuant to the terms and conditions of a written license agreement with Synopsys, Inc. All other use, reproduction, modification, or distribution of the Synopsys software or the associated documentation is strictly prohibited.

# Written on Fri Sep 20 22:19:59 2019


##### DESIGN INFO #######################################################

Top View:                "microSD"
Constraint File(s):      (none)




##### SUMMARY ############################################################

Found 0 issues in 0 out of 0 constraints


##### DETAILS ############################################################



Clock Relationships
*******************

Starting                       Ending                         |     rise to rise     |     fall to fall     |     rise to fall     |     fall to rise                     
-------------------------------------------------------------------------------------------------------------------------------------------------------------------------
microSD|CLK50                  microSD|CLK50                  |     1000.000         |     No paths         |     No paths         |     No paths                         
microSD|SCLK_derived_clock     microSD|SCLK_derived_clock     |     1000.000         |     No paths         |     No paths         |     No paths                         
=========================================================================================================================================================================
 Note: 'No paths' indicates there are no paths in the design for that pair of clock edges.
       'Diff grp' indicates that paths exist but the starting clock and ending clock are in different clock groups.


Unconstrained Start/End Points
******************************

p:CS
p:MISO
p:MOSI
p:RST
p:R_DATA[0]
p:R_DATA[1]
p:R_DATA[2]
p:R_DATA[3]
p:R_DATA[4]
p:R_DATA[5]
p:R_DATA[6]
p:R_DATA[7]
p:R_STB
p:W_DATA[0]
p:W_DATA[1]
p:W_DATA[2]
p:W_DATA[3]
p:W_DATA[4]
p:W_DATA[5]
p:W_DATA[6]
p:W_DATA[7]
p:W_STB


Inapplicable constraints
************************

(none)


Applicable constraints with issues
**********************************

(none)


Constraints with matching wildcard expressions
**********************************************

(none)


Library Report
**************


# End of Constraint Checker Report
