Running in Lattice mode

Starting:    C:\lscc\diamond\3.10_x64\synpbase\bin64\mbin\synbatch.exe
Install:     C:\lscc\diamond\3.10_x64\synpbase
Hostname:    MARCIN-VAIO
Date:        Fri Sep 20 22:19:56 2019
Version:     M-2017.03L-SP1-1

Arguments:   -product synplify_pro -batch microSD_microSD_synplify.tcl
ProductType: synplify_pro




log file: "E:\GIT\my_projects\FPGA\Verilog\microSD\microSD\microSD_microSD.srr"
Running: microSD in foreground

Running proj_1|microSD

Running: compile (Compile) on proj_1|microSD
# Fri Sep 20 22:19:56 2019

Running: compile_flow (Compile Process) on proj_1|microSD
# Fri Sep 20 22:19:56 2019

Running: compiler (Compile Input) on proj_1|microSD
# Fri Sep 20 22:19:56 2019
Copied E:\GIT\my_projects\FPGA\Verilog\microSD\microSD\synwork\microSD_microSD_comp.srs to E:\GIT\my_projects\FPGA\Verilog\microSD\microSD\microSD_microSD.srs

compiler completed
# Fri Sep 20 22:19:58 2019

Return Code: 0
Run Time:00h:00m:02s

Running: multi_srs_gen (Multi-srs Generator) on proj_1|microSD
# Fri Sep 20 22:19:58 2019

multi_srs_gen completed
# Fri Sep 20 22:19:58 2019

Return Code: 0
Run Time:00h:00m:00s
Copied E:\GIT\my_projects\FPGA\Verilog\microSD\microSD\synwork\microSD_microSD_mult.srs to E:\GIT\my_projects\FPGA\Verilog\microSD\microSD\microSD_microSD.srs
Copied E:\GIT\my_projects\FPGA\Verilog\microSD\microSD\microSD_microSD.srr to E:\GIT\my_projects\FPGA\Verilog\microSD\microSD\microSD_microSD.srf
Complete: Compile Process on proj_1|microSD

Running: premap (Pre-mapping) on proj_1|microSD
# Fri Sep 20 22:19:59 2019

premap completed with warnings
# Fri Sep 20 22:20:00 2019

Return Code: 1
Run Time:00h:00m:01s
Complete: Compile on proj_1|microSD

Running: map (Map) on proj_1|microSD
# Fri Sep 20 22:20:00 2019
License granted for 4 parallel jobs

Running: fpga_mapper (Map & Optimize) on proj_1|microSD
# Fri Sep 20 22:20:00 2019
Copied E:\GIT\my_projects\FPGA\Verilog\microSD\microSD\synwork\microSD_microSD_m.srm to E:\GIT\my_projects\FPGA\Verilog\microSD\microSD\microSD_microSD.srm

fpga_mapper completed with warnings
# Fri Sep 20 22:20:01 2019

Return Code: 1
Run Time:00h:00m:01s
Complete: Map on proj_1|microSD
Copied E:\GIT\my_projects\FPGA\Verilog\microSD\microSD\microSD_microSD.srr to E:\GIT\my_projects\FPGA\Verilog\microSD\microSD\microSD_microSD.srf
Complete: Logic Synthesis on proj_1|microSD
TCL script complete: "microSD_microSD_synplify.tcl"
exit status=0
exit status=0
Save changes for project:
E:\GIT\my_projects\FPGA\Verilog\microSD\microSD\proj_1.prj
batch mode default:no
