# Design: Design counter already active.
# 
# DESIGN: Default Design Language: VERILOG
# DESIGN: Default BDE Language: VERILOG
# DESIGN: Flow Manager: Not Defined
alog -O2 -sve -msg 5 -sv2k12 -work counter $dsn/src/counter.v
# Pass 1. Scanning modules hierarchy.
# Pass 2. Processing instantiations.
# Pass 3. Processing behavioral statements.
# Running Optimizer.
# ELB/DAG code generating.
# Unit top modules: counter.
# $root top modules: counter.
# Compile success 0 Errors 0 Warnings  Analysis time: 0[s].
# Warning: ALOG: The source is compiled without the -dbg switch. Line breakpoints and assertion debug will not be available.
# done
alog -O2 -sve -msg 5 -sv2k12 -work counter $dsn/src/counter.v $dsn/src/counter_tb.v
# Pass 1. Scanning modules hierarchy.
# Info: VCP2113 Module \$root found in current working library.
# Pass 2. Processing instantiations.
# Pass 3. Processing behavioral statements.
# Warning: VCP2635 counter.v : (13, 31): Selection index out of range: 26.
# Running Optimizer.
# ELB/DAG code generating.
# Info: VCP2113 Module \$root found in current working library.
# Unit top modules: testbench.
# $root top modules: testbench.
# Compile success 0 Errors 1 Warnings  Analysis time: 0[s].
# Warning: ALOG: The source is compiled without the -dbg switch. Line breakpoints and assertion debug will not be available.
# done
# ELBREAD: Elaboration process.
# ELBREAD: Warning: Module 'counter' does not have a `timescale directive, but previous modules do.
# ELBREAD: Elaboration time 0.0 [s].
# ELBREAD: Elaboration process.
# ELBREAD: Warning: Module 'counter' does not have a `timescale directive, but previous modules do.
# ELBREAD: Elaboration time 0.0 [s].
# ELBREAD: Elaboration process.
# ELBREAD: Warning: Module 'counter' does not have a `timescale directive, but previous modules do.
# ELBREAD: Elaboration time 0.1 [s].
# ELBREAD: Elaboration process.
# ELBREAD: Warning: Module 'counter' does not have a `timescale directive, but previous modules do.
# ELBREAD: Elaboration time 0.0 [s].
# ELBREAD: Elaboration process.
# ELBREAD: Warning: Module 'counter' does not have a `timescale directive, but previous modules do.
# ELBREAD: Elaboration time 0.0 [s].
# ELBREAD: Elaboration process.
# ELBREAD: Warning: Module 'counter' does not have a `timescale directive, but previous modules do.
# ELBREAD: Elaboration time 0.0 [s].
asim -O5 +access +r +m+testbench testbench
# ELBREAD: Elaboration process.
# ELBREAD: Warning: Module 'counter' does not have a `timescale directive, but previous modules do.
# ELBREAD: Elaboration time 0.0 [s].
# VSIM: Stack memory: 32MB
# VSIM: Retval memory: 32MB
# 
# KERNEL: Main thread initiated.
alog -O2 -sve -msg 5 -sv2k12 -work counter $dsn/src/counter.v $dsn/src/counter_tb.v
# KERNEL: Kernel process initialization phase.
# KERNEL: Time resolution set to 1ns.
# ELAB2: Elaboration final pass...
# Pass 1. Scanning modules hierarchy.
# Info: VCP2113 Module \$root found in current working library.
# Pass 2. Processing instantiations.
# Pass 3. Processing behavioral statements.
# Warning: VCP2635 counter.v : (13, 31): Selection index out of range: 26.
# Running Optimizer.
# ELB/DAG code generating.
# Info: VCP2113 Module \$root found in current working library.
# Unit top modules: testbench.
# $root top modules: testbench.
# Compile success 0 Errors 1 Warnings  Analysis time: 0[s].
# Warning: ALOG: The source is compiled without the -dbg switch. Line breakpoints and assertion debug will not be available.
# done
# ELAB2: Create instances ...
# ELAB2: Create instances complete.
# SLP: Started
# SLP: Elaboration phase ...
# SLP: Elaboration phase ... done : 0.2 [s]
# SLP: Generation phase ...
# SLP: Generation phase ... done : 1.3 [s]
# SLP: Finished : 1.5 [s]
# SLP: 0 primitives and 6 (100.00%) other processes in SLP
# SLP: 8 (100.00%) signals in SLP and 0 interface signals
# ELAB2: Elaboration final pass complete - time: 1.8 [s].
# KERNEL: SLP loading done - time: 0.3 [s].
# KERNEL: Warning: You are using the Active-HDL Student Edition. The performance of simulation is running at a reduced rate.
# KERNEL: Warning: Contact Aldec for available upgrade options - sales@aldec.com.
# KERNEL: SLP simulation initialization done - time: 0.0 [s].
# KERNEL: Kernel process initialization done.
# Allocation: Simulator allocated 5514 kB (elbread=1280 elab2=4101 kernel=133 sdf=0)
# KERNEL: ASDB file was created in location E:\GIT\my_projects\FPGA\Verilog\counter\counter\counter\src\wave.asdb
#  21:51, poniedzia쿮k, 2 wrze쐍ia 2019
#  Simulation has been initialized
# 3 signal(s) traced.
# Waveform file 'untitled.awc' connected to 'E:/GIT/my_projects/FPGA/Verilog/counter/counter/counter/src/wave.asdb'.
run @100ns
# KERNEL: stopped at time: 100 ns
endsim
# VSIM: Simulation has finished.
alog -O2 -sve -msg 5 -sv2k12 -work counter $dsn/src/counter.v $dsn/src/counter_tb.v
# Pass 1. Scanning modules hierarchy.
# Info: VCP2113 Module \$root found in current working library.
# Pass 2. Processing instantiations.
# Pass 3. Processing behavioral statements.
# Running Optimizer.
# ELB/DAG code generating.
# Info: VCP2113 Module \$root found in current working library.
# Unit top modules: testbench.
# $root top modules: testbench.
# Compile success 0 Errors 0 Warnings  Analysis time: 0[s].
# Warning: ALOG: The source is compiled without the -dbg switch. Line breakpoints and assertion debug will not be available.
# done
asim -O5 +access +r +m+testbench testbench
# ELBREAD: Elaboration process.
# ELBREAD: Warning: Module 'counter' does not have a `timescale directive, but previous modules do.
# ELBREAD: Elaboration time 0.0 [s].
# VSIM: Stack memory: 32MB
# VSIM: Retval memory: 32MB
# 
# KERNEL: Main thread initiated.
# KERNEL: Kernel process initialization phase.
# KERNEL: Time resolution set to 1ns.
# ELAB2: Elaboration final pass...
# ELAB2: Create instances ...
# ELAB2: Create instances complete.
# SLP: Started
# SLP: Elaboration phase ...
# SLP: Elaboration phase ... done : 0.1 [s]
# SLP: Generation phase ...
# SLP: Generation phase ... done : 0.4 [s]
# SLP: Finished : 0.5 [s]
# SLP: 0 primitives and 6 (100.00%) other processes in SLP
# SLP: 8 (100.00%) signals in SLP and 0 interface signals
# ELAB2: Elaboration final pass complete - time: 0.6 [s].
# KERNEL: SLP loading done - time: 0.0 [s].
# KERNEL: Warning: You are using the Active-HDL Student Edition. The performance of simulation is running at a reduced rate.
# KERNEL: Warning: Contact Aldec for available upgrade options - sales@aldec.com.
# KERNEL: SLP simulation initialization done - time: 0.0 [s].
# KERNEL: Kernel process initialization done.
# Allocation: Simulator allocated 5514 kB (elbread=1280 elab2=4101 kernel=133 sdf=0)
# KERNEL: ASDB file was created in location E:\GIT\my_projects\FPGA\Verilog\counter\counter\counter\src\wave.asdb
#  21:52, poniedzia쿮k, 2 wrze쐍ia 2019
#  Simulation has been initialized
# 3 signal(s) traced.
# Waveform file 'untitled.awc' connected to 'E:/GIT/my_projects/FPGA/Verilog/counter/counter/counter/src/wave.asdb'.
run @100ns
# KERNEL: stopped at time: 100 ns
run @200ns
# KERNEL: stopped at time: 200 ns
alog -O2 -sve -msg 5 -sv2k12 -work counter $dsn/src/counter.v $dsn/src/counter_tb.v
# Pass 1. Scanning modules hierarchy.
# Info: VCP2113 Module \$root found in current working library.
# Pass 2. Processing instantiations.
# Pass 3. Processing behavioral statements.
# Running Optimizer.
# ELB/DAG code generating.
# Info: VCP2113 Module \$root found in current working library.
# Unit top modules: testbench.
# $root top modules: testbench.
# Compile success 0 Errors 0 Warnings  Analysis time: 0[s].
# Warning: ALOG: The source is compiled without the -dbg switch. Line breakpoints and assertion debug will not be available.
# done
endsim
# VSIM: Simulation has finished.
alog -O2 -sve -msg 5 -sv2k12 -work counter $dsn/src/counter.v $dsn/src/counter_tb.v
# Pass 1. Scanning modules hierarchy.
# Info: VCP2113 Module \$root found in current working library.
# Pass 2. Processing instantiations.
# Pass 3. Processing behavioral statements.
# Running Optimizer.
# ELB/DAG code generating.
# Info: VCP2113 Module \$root found in current working library.
# Unit top modules: testbench.
# $root top modules: testbench.
# Compile success 0 Errors 0 Warnings  Analysis time: 0[s].
# Warning: ALOG: The source is compiled without the -dbg switch. Line breakpoints and assertion debug will not be available.
# done
asim -O5 +access +r +m+testbench testbench
# ELBREAD: Elaboration process.
# ELBREAD: Warning: Module 'counter' does not have a `timescale directive, but previous modules do.
# ELBREAD: Elaboration time 0.0 [s].
# VSIM: Stack memory: 32MB
# VSIM: Retval memory: 32MB
# 
# KERNEL: Main thread initiated.
# KERNEL: Kernel process initialization phase.
# KERNEL: Time resolution set to 1ns.
# ELAB2: Elaboration final pass...
# ELAB2: Create instances ...
# ELAB2: Create instances complete.
# SLP: Started
# SLP: Elaboration phase ...
# SLP: Elaboration phase ... done : 0.1 [s]
# SLP: Generation phase ...
# SLP: Generation phase ... done : 0.4 [s]
# SLP: Finished : 0.6 [s]
# SLP: 0 primitives and 6 (100.00%) other processes in SLP
# SLP: 8 (100.00%) signals in SLP and 0 interface signals
# ELAB2: Elaboration final pass complete - time: 0.6 [s].
# KERNEL: SLP loading done - time: 0.0 [s].
# KERNEL: Warning: You are using the Active-HDL Student Edition. The performance of simulation is running at a reduced rate.
# KERNEL: Warning: Contact Aldec for available upgrade options - sales@aldec.com.
# KERNEL: SLP simulation initialization done - time: 0.0 [s].
# KERNEL: Kernel process initialization done.
# Allocation: Simulator allocated 5515 kB (elbread=1280 elab2=4101 kernel=133 sdf=0)
# KERNEL: ASDB file was created in location E:\GIT\my_projects\FPGA\Verilog\counter\counter\counter\src\wave.asdb
#  21:53, poniedzia쿮k, 2 wrze쐍ia 2019
#  Simulation has been initialized
# 3 signal(s) traced.
# Waveform file 'untitled.awc' connected to 'E:/GIT/my_projects/FPGA/Verilog/counter/counter/counter/src/wave.asdb'.
run @100ns
# KERNEL: stopped at time: 100 ns
endsim
# VSIM: Simulation has finished.
alog -O2 -sve -msg 5 -sv2k12 -work counter $dsn/src/counter.v $dsn/src/counter_tb.v
# Pass 1. Scanning modules hierarchy.
# Info: VCP2113 Module \$root found in current working library.
# Pass 2. Processing instantiations.
# Pass 3. Processing behavioral statements.
# Running Optimizer.
# ELB/DAG code generating.
# Info: VCP2113 Module \$root found in current working library.
# Unit top modules: testbench.
# $root top modules: testbench.
# Compile success 0 Errors 0 Warnings  Analysis time: 0[s].
# Warning: ALOG: The source is compiled without the -dbg switch. Line breakpoints and assertion debug will not be available.
# done
asim -O5 +access +r +m+testbench testbench
# ELBREAD: Elaboration process.
# ELBREAD: Warning: Module 'counter' does not have a `timescale directive, but previous modules do.
# ELBREAD: Elaboration time 0.0 [s].
# VSIM: Stack memory: 32MB
# VSIM: Retval memory: 32MB
# 
# KERNEL: Main thread initiated.
# KERNEL: Kernel process initialization phase.
# KERNEL: Time resolution set to 1ns.
# ELAB2: Elaboration final pass...
# ELAB2: Create instances ...
# ELAB2: Create instances complete.
# SLP: Started
# SLP: Elaboration phase ...
# SLP: Elaboration phase ... done : 0.0 [s]
# SLP: Generation phase ...
# SLP: Generation phase ... done : 0.4 [s]
# SLP: Finished : 0.5 [s]
# SLP: 0 primitives and 6 (100.00%) other processes in SLP
# SLP: 8 (100.00%) signals in SLP and 0 interface signals
# ELAB2: Elaboration final pass complete - time: 0.6 [s].
# KERNEL: SLP loading done - time: 0.0 [s].
# KERNEL: Warning: You are using the Active-HDL Student Edition. The performance of simulation is running at a reduced rate.
# KERNEL: Warning: Contact Aldec for available upgrade options - sales@aldec.com.
# KERNEL: SLP simulation initialization done - time: 0.0 [s].
# KERNEL: Kernel process initialization done.
# Allocation: Simulator allocated 5515 kB (elbread=1280 elab2=4101 kernel=133 sdf=0)
# KERNEL: ASDB file was created in location E:\GIT\my_projects\FPGA\Verilog\counter\counter\counter\src\wave.asdb
#  21:54, poniedzia쿮k, 2 wrze쐍ia 2019
#  Simulation has been initialized
# 3 signal(s) traced.
# Waveform file 'untitled.awc' connected to 'E:/GIT/my_projects/FPGA/Verilog/counter/counter/counter/src/wave.asdb'.
run @100ns
# KERNEL: stopped at time: 100 ns
alog -O2 -sve -msg 5 -sv2k12 -work counter $dsn/src/counter.v $dsn/src/counter_tb.v
# Pass 1. Scanning modules hierarchy.
# Info: VCP2113 Module \$root found in current working library.
# Pass 2. Processing instantiations.
# Pass 3. Processing behavioral statements.
# Running Optimizer.
# ELB/DAG code generating.
# Info: VCP2113 Module \$root found in current working library.
# Unit top modules: testbench.
# $root top modules: testbench.
# Compile success 0 Errors 0 Warnings  Analysis time: 0[s].
# Warning: ALOG: The source is compiled without the -dbg switch. Line breakpoints and assertion debug will not be available.
# done
endsim
# VSIM: Simulation has finished.
alog -O2 -sve -msg 5 -sv2k12 -work counter $dsn/src/counter.v $dsn/src/counter_tb.v
# Pass 1. Scanning modules hierarchy.
# Info: VCP2113 Module \$root found in current working library.
# Pass 2. Processing instantiations.
# Pass 3. Processing behavioral statements.
# Running Optimizer.
# ELB/DAG code generating.
# Info: VCP2113 Module \$root found in current working library.
# Unit top modules: testbench.
# $root top modules: testbench.
# Compile success 0 Errors 0 Warnings  Analysis time: 0[s].
# Warning: ALOG: The source is compiled without the -dbg switch. Line breakpoints and assertion debug will not be available.
# done
asim -O5 +access +r +m+testbench testbench
# ELBREAD: Elaboration process.
# ELBREAD: Warning: Module 'counter' does not have a `timescale directive, but previous modules do.
# ELBREAD: Elaboration time 0.0 [s].
# VSIM: Stack memory: 32MB
# VSIM: Retval memory: 32MB
# 
# KERNEL: Main thread initiated.
# KERNEL: Kernel process initialization phase.
# KERNEL: Time resolution set to 1ns.
# ELAB2: Elaboration final pass...
# ELAB2: Create instances ...
# ELAB2: Create instances complete.
# SLP: Started
# SLP: Elaboration phase ...
# SLP: Elaboration phase ... done : 0.0 [s]
# SLP: Generation phase ...
# SLP: Generation phase ... done : 0.4 [s]
# SLP: Finished : 0.5 [s]
# SLP: 0 primitives and 6 (100.00%) other processes in SLP
# SLP: 8 (100.00%) signals in SLP and 0 interface signals
# ELAB2: Elaboration final pass complete - time: 0.6 [s].
# KERNEL: SLP loading done - time: 0.0 [s].
# KERNEL: Warning: You are using the Active-HDL Student Edition. The performance of simulation is running at a reduced rate.
# KERNEL: Warning: Contact Aldec for available upgrade options - sales@aldec.com.
# KERNEL: SLP simulation initialization done - time: 0.0 [s].
# KERNEL: Kernel process initialization done.
# Allocation: Simulator allocated 5514 kB (elbread=1280 elab2=4101 kernel=133 sdf=0)
# KERNEL: ASDB file was created in location E:\GIT\my_projects\FPGA\Verilog\counter\counter\counter\src\wave.asdb
#  21:57, poniedzia쿮k, 2 wrze쐍ia 2019
#  Simulation has been initialized
# Waveform file 'untitled.awc' connected to 'E:/GIT/my_projects/FPGA/Verilog/counter/counter/counter/src/wave.asdb'.
# KERNEL: Warning: KERNEL_0291 Signal '/testbench/R' has already been traced.
# KERNEL: Warning: KERNEL_0291 Signal '/testbench/C' has already been traced.
# KERNEL: Warning: KERNEL_0291 Signal '/testbench/LED' has already been traced.
# 0 signal(s) traced.
# Waveform file 'untitled.awc' connected to 'E:/GIT/my_projects/FPGA/Verilog/counter/counter/counter/src/wave.asdb'.
run @100ns
# KERNEL: stopped at time: 100 ns
endsim
# VSIM: Simulation has finished.
