
synpwrap -msg -prj "SPI_SPI_synplify.tcl" -log "SPI_SPI.srf"
Copyright (C) 1992-2018 Lattice Semiconductor Corporation. All rights reserved.
Lattice Diamond Version 3.10.3.144
    <postMsg mid="2011000" type="Info"    dynamic="0" navigation="0"  />

==contents of SPI_SPI.srf
#Build: Synplify Pro (R) M-2017.03L-SP1-1, Build 086R, Aug  4 2017
#install: C:\lscc\diamond\3.10_x64\synpbase
#OS: Windows 8 6.2
#Hostname: MARCIN-VAIO

# Sun Aug 25 10:39:59 2019

#Implementation: SPI

Synopsys HDL Compiler, version comp2017q2p1, Build 190R, built Aug  4 2017
@N|Running in 64-bit mode
Copyright (C) 1994-2017 Synopsys, Inc. This Synopsys software and all associated documentation are proprietary to Synopsys, Inc. and may only be used pursuant to the terms and conditions of a written license agreement with Synopsys, Inc. All other use, reproduction, modification, or distribution of the Synopsys software or the associated documentation is strictly prohibited.

Synopsys Verilog Compiler, version comp2017q2p1, Build 190R, built Aug  4 2017
@N|Running in 64-bit mode
Copyright (C) 1994-2017 Synopsys, Inc. This Synopsys software and all associated documentation are proprietary to Synopsys, Inc. and may only be used pursuant to the terms and conditions of a written license agreement with Synopsys, Inc. All other use, reproduction, modification, or distribution of the Synopsys software or the associated documentation is strictly prohibited.

@I::"C:\lscc\diamond\3.10_x64\synpbase\lib\lucent\machxo2.v" (library work)
@I::"C:\lscc\diamond\3.10_x64\synpbase\lib\lucent\pmi_def.v" (library work)
@I::"C:\lscc\diamond\3.10_x64\synpbase\lib\vlog\hypermods.v" (library __hyper__lib__)
@I::"C:\lscc\diamond\3.10_x64\synpbase\lib\vlog\umr_capim.v" (library snps_haps)
@I::"C:\lscc\diamond\3.10_x64\synpbase\lib\vlog\scemi_objects.v" (library snps_haps)
@I::"C:\lscc\diamond\3.10_x64\synpbase\lib\vlog\scemi_pipes.svh" (library snps_haps)
@I::"E:\GIT\my_projects\FPGA\Verilog\SPI\SPI.v" (library work)
@N: CG334 :"E:\GIT\my_projects\FPGA\Verilog\SPI\SPI.v":1:12:1:24|Read directive translate_off.
@N: CG333 :"E:\GIT\my_projects\FPGA\Verilog\SPI\SPI.v":3:12:3:23|Read directive translate_on.
@N: CG346 :"E:\GIT\my_projects\FPGA\Verilog\SPI\SPI.v":72:28:72:36|Read full_case directive.
@N: CG347 :"E:\GIT\my_projects\FPGA\Verilog\SPI\SPI.v":72:38:72:50|Read a parallel_case directive.
@N: CG346 :"E:\GIT\my_projects\FPGA\Verilog\SPI\SPI.v":167:30:167:38|Read full_case directive.
@N: CG347 :"E:\GIT\my_projects\FPGA\Verilog\SPI\SPI.v":167:40:167:52|Read a parallel_case directive.
@N: CG346 :"E:\GIT\my_projects\FPGA\Verilog\SPI\SPI.v":201:33:201:41|Read full_case directive.
@N: CG347 :"E:\GIT\my_projects\FPGA\Verilog\SPI\SPI.v":201:43:201:55|Read a parallel_case directive.
@I::"E:\GIT\my_projects\FPGA\Verilog\SPI\fifo4.v" (library work)
@N: CG334 :"E:\GIT\my_projects\FPGA\Verilog\SPI\fifo4.v":1:12:1:24|Read directive translate_off.
@N: CG333 :"E:\GIT\my_projects\FPGA\Verilog\SPI\fifo4.v":3:12:3:23|Read directive translate_on.
Verilog syntax check successful!
Options changed - recompiling
Selecting top level module SPI
@N: CG364 :"E:\GIT\my_projects\FPGA\Verilog\SPI\fifo4.v":6:7:6:11|Synthesizing module fifo4 in library work.

	dw=32'b00000000000000000000000000001000
   Generated name = fifo4_8s
@N: CL134 :"E:\GIT\my_projects\FPGA\Verilog\SPI\fifo4.v":61:0:61:5|Found RAM mem, depth=4, width=8
@N: CG364 :"E:\GIT\my_projects\FPGA\Verilog\SPI\SPI.v":5:7:5:9|Synthesizing module SPI in library work.
@W: CG133 :"E:\GIT\my_projects\FPGA\Verilog\SPI\SPI.v":30:19:30:22|Object rreg is declared but not assigned. Either assign a value or remove the declaration.
@N: CL189 :"E:\GIT\my_projects\FPGA\Verilog\SPI\SPI.v":163:2:163:7|Register bit clkcnt[11] is always 0.
@W: CL260 :"E:\GIT\my_projects\FPGA\Verilog\SPI\SPI.v":163:2:163:7|Pruning register bit 11 of clkcnt[11:0]. If this is not the intended behavior, drive the input with valid values, or an input from the top level.
@N: CL201 :"E:\GIT\my_projects\FPGA\Verilog\SPI\SPI.v":186:2:186:7|Trying to extract state machine for register state.
Extracted state machine for register state
State machine has 3 reachable states with original encodings of:
   00
   01
   11

At c_ver Exit (Real Time elapsed 0h:00m:00s; CPU Time elapsed 0h:00m:00s; Memory used current: 71MB peak: 73MB)

Process took 0h:00m:01s realtime, 0h:00m:01s cputime

Process completed successfully.
# Sun Aug 25 10:40:02 2019

###########################################################]
Synopsys Netlist Linker, version comp2017q2p1, Build 190R, built Aug  4 2017
@N|Running in 64-bit mode
File E:\GIT\my_projects\SPI\SPI\synwork\layer0.srs changed - recompiling

At syn_nfilter Exit (Real Time elapsed 0h:00m:00s; CPU Time elapsed 0h:00m:00s; Memory used current: 67MB peak: 68MB)

Process took 0h:00m:01s realtime, 0h:00m:01s cputime

Process completed successfully.
# Sun Aug 25 10:40:03 2019

###########################################################]
@END

At c_hdl Exit (Real Time elapsed 0h:00m:02s; CPU Time elapsed 0h:00m:00s; Memory used current: 3MB peak: 4MB)

Process took 0h:00m:02s realtime, 0h:00m:01s cputime

Process completed successfully.
# Sun Aug 25 10:40:03 2019

###########################################################]
Synopsys Netlist Linker, version comp2017q2p1, Build 190R, built Aug  4 2017
@N|Running in 64-bit mode
File E:\GIT\my_projects\SPI\SPI\synwork\SPI_SPI_comp.srs changed - recompiling

At syn_nfilter Exit (Real Time elapsed 0h:00m:00s; CPU Time elapsed 0h:00m:00s; Memory used current: 67MB peak: 68MB)

Process took 0h:00m:01s realtime, 0h:00m:01s cputime

Process completed successfully.
# Sun Aug 25 10:40:04 2019

###########################################################]
# Sun Aug 25 10:40:10 2019

Synopsys Lattice Technology Pre-mapping, Version maplat, Build 1796R, Built Aug  4 2017 11:10:16
Copyright (C) 1994-2017 Synopsys, Inc. This Synopsys software and all associated documentation are proprietary to Synopsys, Inc. and may only be used pursuant to the terms and conditions of a written license agreement with Synopsys, Inc. All other use, reproduction, modification, or distribution of the Synopsys software or the associated documentation is strictly prohibited.
Product Version M-2017.03L-SP1-1

Mapper Startup Complete (Real Time elapsed 0h:00m:00s; CPU Time elapsed 0h:00m:00s; Memory used current: 99MB peak: 99MB)

@A: MF827 |No constraint file specified.
@L: E:\GIT\my_projects\FPGA\Verilog\SPI\SPI\SPI_SPI_scck.rpt 
Printing clock  summary report in "E:\GIT\my_projects\FPGA\Verilog\SPI\SPI\SPI_SPI_scck.rpt" file 
@N: MF248 |Running in 64-bit mode.
@N: MF666 |Clock conversion enabled. (Command "set_option -fix_gated_and_generated_clocks 1" in the project file.)

Design Input Complete (Real Time elapsed 0h:00m:00s; CPU Time elapsed 0h:00m:00s; Memory used current: 99MB peak: 102MB)


Mapper Initialization Complete (Real Time elapsed 0h:00m:00s; CPU Time elapsed 0h:00m:00s; Memory used current: 99MB peak: 102MB)


Start loading timing files (Real Time elapsed 0h:00m:00s; CPU Time elapsed 0h:00m:00s; Memory used current: 111MB peak: 112MB)


Finished loading timing files (Real Time elapsed 0h:00m:00s; CPU Time elapsed 0h:00m:00s; Memory used current: 111MB peak: 114MB)

ICG Latch Removal Summary:
Number of ICG latches removed:	0
Number of ICG latches not removed:	0
syn_allowed_resources : blockrams=10  set on top level netlist SPI

Finished netlist restructuring (Real Time elapsed 0h:00m:01s; CPU Time elapsed 0h:00m:00s; Memory used current: 139MB peak: 141MB)



Clock Summary
******************

          Start         Requested     Requested     Clock        Clock                   Clock
Level     Clock         Frequency     Period        Type         Group                   Load 
----------------------------------------------------------------------------------------------
0 -       SPI|clk_i     1.0 MHz       1000.000      inferred     Inferred_clkgroup_0     84   
==============================================================================================

@W: MT529 :"e:\git\my_projects\fpga\verilog\spi\fifo4.v":69:0:69:5|Found inferred clock SPI|clk_i which controls 84 sequential elements including rfifo.gb. This clock has no specified timing constraint which may prevent conversion of gated or generated clocks and may adversely impact design performance. 

Finished Pre Mapping Phase.

Starting constraint checker (Real Time elapsed 0h:00m:01s; CPU Time elapsed 0h:00m:00s; Memory used current: 139MB peak: 141MB)

Encoding state machine state[2:0] (in view: work.SPI(verilog))
original code -> new code
   00 -> 00
   01 -> 01
   11 -> 10

Finished constraint checker preprocessing (Real Time elapsed 0h:00m:01s; CPU Time elapsed 0h:00m:00s; Memory used current: 139MB peak: 141MB)

None
None

Finished constraint checker (Real Time elapsed 0h:00m:01s; CPU Time elapsed 0h:00m:00s; Memory used current: 139MB peak: 141MB)

Pre-mapping successful!

At Mapper Exit (Real Time elapsed 0h:00m:01s; CPU Time elapsed 0h:00m:00s; Memory used current: 55MB peak: 141MB)

Process took 0h:00m:01s realtime, 0h:00m:01s cputime
# Sun Aug 25 10:40:12 2019

###########################################################]
# Sun Aug 25 10:40:13 2019

Synopsys Lattice Technology Mapper, Version maplat, Build 1796R, Built Aug  4 2017 11:10:16
Copyright (C) 1994-2017 Synopsys, Inc. This Synopsys software and all associated documentation are proprietary to Synopsys, Inc. and may only be used pursuant to the terms and conditions of a written license agreement with Synopsys, Inc. All other use, reproduction, modification, or distribution of the Synopsys software or the associated documentation is strictly prohibited.
Product Version M-2017.03L-SP1-1

Mapper Startup Complete (Real Time elapsed 0h:00m:00s; CPU Time elapsed 0h:00m:00s; Memory used current: 99MB peak: 99MB)

@N: MF248 |Running in 64-bit mode.
@N: MF666 |Clock conversion enabled. (Command "set_option -fix_gated_and_generated_clocks 1" in the project file.)

Design Input Complete (Real Time elapsed 0h:00m:00s; CPU Time elapsed 0h:00m:00s; Memory used current: 98MB peak: 100MB)


Mapper Initialization Complete (Real Time elapsed 0h:00m:00s; CPU Time elapsed 0h:00m:00s; Memory used current: 98MB peak: 100MB)


Start loading timing files (Real Time elapsed 0h:00m:00s; CPU Time elapsed 0h:00m:00s; Memory used current: 111MB peak: 111MB)


Finished loading timing files (Real Time elapsed 0h:00m:00s; CPU Time elapsed 0h:00m:00s; Memory used current: 111MB peak: 113MB)



Starting Optimization and Mapping (Real Time elapsed 0h:00m:00s; CPU Time elapsed 0h:00m:00s; Memory used current: 138MB peak: 141MB)


Available hyper_sources - for debug and ip models
	None Found

@W: FA239 :"e:\git\my_projects\fpga\verilog\spi\spi.v":167:6:167:9|ROM clkcnt_3[9:8] (in view: work.SPI(verilog)) mapped in logic. To map to a technology ROM, apply attribute syn_romstyle on this instance.
@W: FA239 :"e:\git\my_projects\fpga\verilog\spi\spi.v":167:6:167:9|ROM clkcnt_3[6:0] (in view: work.SPI(verilog)) mapped in logic. To map to a technology ROM, apply attribute syn_romstyle on this instance.
@W: FA239 :"e:\git\my_projects\fpga\verilog\spi\spi.v":167:6:167:9|ROM clkcnt_3[9:8] (in view: work.SPI(verilog)) mapped in logic. To map to a technology ROM, apply attribute syn_romstyle on this instance.
@N: MO106 :"e:\git\my_projects\fpga\verilog\spi\spi.v":167:6:167:9|Found ROM .delname. (in view: work.SPI(verilog)) with 12 words by 2 bits.
@W: FA239 :"e:\git\my_projects\fpga\verilog\spi\spi.v":167:6:167:9|ROM clkcnt_3[6:0] (in view: work.SPI(verilog)) mapped in logic. To map to a technology ROM, apply attribute syn_romstyle on this instance.
@N: MO106 :"e:\git\my_projects\fpga\verilog\spi\spi.v":167:6:167:9|Found ROM .delname. (in view: work.SPI(verilog)) with 12 words by 7 bits.

Finished RTL optimizations (Real Time elapsed 0h:00m:00s; CPU Time elapsed 0h:00m:00s; Memory used current: 139MB peak: 141MB)

Encoding state machine state[2:0] (in view: work.SPI(verilog))
original code -> new code
   00 -> 00
   01 -> 01
   11 -> 10
@N: MO231 :"e:\git\my_projects\fpga\verilog\spi\spi.v":163:2:163:7|Found counter in view:work.SPI(verilog) instance clkcnt[10:0] 

Starting factoring (Real Time elapsed 0h:00m:00s; CPU Time elapsed 0h:00m:00s; Memory used current: 139MB peak: 141MB)


Finished factoring (Real Time elapsed 0h:00m:00s; CPU Time elapsed 0h:00m:00s; Memory used current: 140MB peak: 141MB)


Starting gated-clock and generated-clock conversion (Real Time elapsed 0h:00m:00s; CPU Time elapsed 0h:00m:00s; Memory used current: 139MB peak: 141MB)


Finished gated-clock and generated-clock conversion (Real Time elapsed 0h:00m:00s; CPU Time elapsed 0h:00m:00s; Memory used current: 139MB peak: 141MB)


Finished generic timing optimizations - Pass 1 (Real Time elapsed 0h:00m:00s; CPU Time elapsed 0h:00m:00s; Memory used current: 141MB peak: 141MB)


Starting Early Timing Optimization (Real Time elapsed 0h:00m:00s; CPU Time elapsed 0h:00m:00s; Memory used current: 141MB peak: 141MB)


Finished Early Timing Optimization (Real Time elapsed 0h:00m:00s; CPU Time elapsed 0h:00m:00s; Memory used current: 141MB peak: 141MB)


Finished generic timing optimizations - Pass 2 (Real Time elapsed 0h:00m:00s; CPU Time elapsed 0h:00m:00s; Memory used current: 141MB peak: 141MB)


Finished preparing to map (Real Time elapsed 0h:00m:00s; CPU Time elapsed 0h:00m:00s; Memory used current: 141MB peak: 141MB)


Finished technology mapping (Real Time elapsed 0h:00m:00s; CPU Time elapsed 0h:00m:00s; Memory used current: 142MB peak: 144MB)

Pass		 CPU time		Worst Slack		Luts / Registers
------------------------------------------------------------
   1		0h:00m:00s		   991.52ns		  96 /        67

Finished technology timing optimizations and critical path resynthesis (Real Time elapsed 0h:00m:00s; CPU Time elapsed 0h:00m:00s; Memory used current: 142MB peak: 144MB)

@N: BN362 :"e:\git\my_projects\fpga\verilog\spi\spi.v":51:2:51:7|Removing sequential instance spcr[4] (in view: work.SPI(verilog)) because it does not drive other instances.
@A: BN291 :"e:\git\my_projects\fpga\verilog\spi\spi.v":51:2:51:7|Boundary register spcr[4] (in view: work.SPI(verilog)) is packed into a complex cell. To disable register packing, set syn_keep=1 on the net between the register and the complex cell. 
@N: FX164 |The option to pack registers in the IOB has not been specified. Please set syn_useioff attribute.  
@N: FO126 :"e:\git\my_projects\fpga\verilog\spi\fifo4.v":61:0:61:5|Generating RAM wfifo.mem[8:1]
@N: FO126 :"e:\git\my_projects\fpga\verilog\spi\fifo4.v":61:0:61:5|Generating RAM rfifo.mem[8:1]
@A: BN291 :"e:\git\my_projects\fpga\verilog\spi\spi.v":186:2:186:7|Boundary register treg_0_.fb (in view: work.SPI(verilog)) is packed into a complex cell. To disable register packing, set syn_keep=1 on the net between the register and the complex cell. 
@A: BN291 :"e:\git\my_projects\fpga\verilog\spi\spi.v":186:2:186:7|Boundary register treg_7_.fb (in view: work.SPI(verilog)) is packed into a complex cell. To disable register packing, set syn_keep=1 on the net between the register and the complex cell. 
@A: BN291 :"e:\git\my_projects\fpga\verilog\spi\spi.v":186:2:186:7|Boundary register treg_6_.fb (in view: work.SPI(verilog)) is packed into a complex cell. To disable register packing, set syn_keep=1 on the net between the register and the complex cell. 
@A: BN291 :"e:\git\my_projects\fpga\verilog\spi\spi.v":186:2:186:7|Boundary register treg_5_.fb (in view: work.SPI(verilog)) is packed into a complex cell. To disable register packing, set syn_keep=1 on the net between the register and the complex cell. 
@A: BN291 :"e:\git\my_projects\fpga\verilog\spi\spi.v":186:2:186:7|Boundary register treg_4_.fb (in view: work.SPI(verilog)) is packed into a complex cell. To disable register packing, set syn_keep=1 on the net between the register and the complex cell. 
@A: BN291 :"e:\git\my_projects\fpga\verilog\spi\spi.v":186:2:186:7|Boundary register treg_3_.fb (in view: work.SPI(verilog)) is packed into a complex cell. To disable register packing, set syn_keep=1 on the net between the register and the complex cell. 
@A: BN291 :"e:\git\my_projects\fpga\verilog\spi\spi.v":186:2:186:7|Boundary register treg_2_.fb (in view: work.SPI(verilog)) is packed into a complex cell. To disable register packing, set syn_keep=1 on the net between the register and the complex cell. 
@A: BN291 :"e:\git\my_projects\fpga\verilog\spi\spi.v":186:2:186:7|Boundary register treg_1_.fb (in view: work.SPI(verilog)) is packed into a complex cell. To disable register packing, set syn_keep=1 on the net between the register and the complex cell. 
@A: BN291 :"e:\git\my_projects\fpga\verilog\spi\spi.v":186:2:186:7|Boundary register sck_o.fb (in view: work.SPI(verilog)) is packed into a complex cell. To disable register packing, set syn_keep=1 on the net between the register and the complex cell. 

Finished restoring hierarchy (Real Time elapsed 0h:00m:00s; CPU Time elapsed 0h:00m:00s; Memory used current: 142MB peak: 144MB)



@S |Clock Optimization Summary


#### START OF CLOCK OPTIMIZATION REPORT #####[

1 non-gated/non-generated clock tree(s) driving 70 clock pin(s) of sequential element(s)
0 gated/generated clock tree(s) driving 0 clock pin(s) of sequential element(s)
0 instances converted, 0 sequential instances remain driven by gated/generated clocks

=========================== Non-Gated/Non-Generated Clocks ============================
Clock Tree ID     Driving Element     Drive Element Type     Fanout     Sample Instance
---------------------------------------------------------------------------------------
@K:CKID0001       clk_i               port                   70         clkcnt[0]      
=======================================================================================


##### END OF CLOCK OPTIMIZATION REPORT ######]


Start Writing Netlists (Real Time elapsed 0h:00m:01s; CPU Time elapsed 0h:00m:00s; Memory used current: 109MB peak: 144MB)

Writing Analyst data base E:\GIT\my_projects\FPGA\Verilog\SPI\SPI\synwork\SPI_SPI_m.srm

Finished Writing Netlist Databases (Real Time elapsed 0h:00m:01s; CPU Time elapsed 0h:00m:01s; Memory used current: 142MB peak: 144MB)

Writing EDIF Netlist and constraint files
@N: FX1056 |Writing EDF file: E:\GIT\my_projects\FPGA\Verilog\SPI\SPI\SPI_SPI.edi
M-2017.03L-SP1-1
@N: BW106 |Synplicity Constraint File capacitance units using default value of 1pF 

Finished Writing EDIF Netlist and constraint files (Real Time elapsed 0h:00m:01s; CPU Time elapsed 0h:00m:01s; Memory used current: 146MB peak: 148MB)


Start final timing analysis (Real Time elapsed 0h:00m:02s; CPU Time elapsed 0h:00m:02s; Memory used current: 147MB peak: 148MB)

@W: MT420 |Found inferred clock SPI|clk_i with period 1000.00ns. Please declare a user-defined clock on object "p:clk_i"


##### START OF TIMING REPORT #####[
# Timing Report written on Sun Aug 25 10:40:15 2019
#


Top view:               SPI
Requested Frequency:    1.0 MHz
Wire load mode:         top
Paths requested:        5
Constraint File(s):    
@N: MT320 |This timing report is an estimate of place and route data. For final timing results, use the FPGA vendor place and route report.

@N: MT322 |Clock constraints include only register-to-register paths associated with each individual clock.



Performance Summary
*******************


Worst slack in design: 992.447

                   Requested     Estimated     Requested     Estimated                 Clock        Clock              
Starting Clock     Frequency     Frequency     Period        Period        Slack       Type         Group              
-----------------------------------------------------------------------------------------------------------------------
SPI|clk_i          1.0 MHz       132.4 MHz     1000.000      7.553         992.447     inferred     Inferred_clkgroup_0
=======================================================================================================================





Clock Relationships
*******************

Clocks                |    rise  to  rise     |    fall  to  fall   |    rise  to  fall   |    fall  to  rise 
--------------------------------------------------------------------------------------------------------------
Starting   Ending     |  constraint  slack    |  constraint  slack  |  constraint  slack  |  constraint  slack
--------------------------------------------------------------------------------------------------------------
SPI|clk_i  SPI|clk_i  |  1000.000    992.447  |  No paths    -      |  No paths    -      |  No paths    -    
==============================================================================================================
 Note: 'No paths' indicates there are no paths in the design for that pair of clock edges.
       'Diff grp' indicates that paths exist but the starting clock and ending clock are in different clock groups.



Interface Information 
*********************

No IO constraint found



====================================
Detailed Report for Clock: SPI|clk_i
====================================



Starting Points with Worst Slack
********************************

               Starting                                         Arrival            
Instance       Reference     Type        Pin     Net            Time        Slack  
               Clock                                                               
-----------------------------------------------------------------------------------
clkcnt[1]      SPI|clk_i     FD1S3AX     Q       clkcnt[1]      1.044       992.447
clkcnt[2]      SPI|clk_i     FD1S3AX     Q       clkcnt[2]      1.044       992.447
clkcnt[3]      SPI|clk_i     FD1S3AX     Q       clkcnt[3]      1.044       992.447
clkcnt[4]      SPI|clk_i     FD1S3AX     Q       clkcnt[4]      1.044       992.447
clkcnt[5]      SPI|clk_i     FD1S3AX     Q       clkcnt[5]      1.044       992.447
clkcnt[6]      SPI|clk_i     FD1S3AX     Q       clkcnt[6]      1.044       992.447
clkcnt[7]      SPI|clk_i     FD1S3AX     Q       clkcnt[7]      1.044       992.447
clkcnt[8]      SPI|clk_i     FD1S3AX     Q       clkcnt[8]      1.044       992.447
clkcnt[9]      SPI|clk_i     FD1S3AX     Q       clkcnt[9]      1.044       992.447
clkcnt[10]     SPI|clk_i     FD1S3AX     Q       clkcnt[10]     1.044       992.447
===================================================================================


Ending Points with Worst Slack
******************************

               Starting                                           Required            
Instance       Reference     Type        Pin     Net              Time         Slack  
               Clock                                                                  
--------------------------------------------------------------------------------------
clkcnt[9]      SPI|clk_i     FD1S3AX     D       clkcnt_s[9]      999.894      992.447
clkcnt[10]     SPI|clk_i     FD1S3AX     D       clkcnt_s[10]     999.894      992.447
clkcnt[7]      SPI|clk_i     FD1S3AX     D       clkcnt_s[7]      999.894      992.590
clkcnt[8]      SPI|clk_i     FD1S3AX     D       clkcnt_s[8]      999.894      992.590
clkcnt[5]      SPI|clk_i     FD1S3AX     D       clkcnt_s[5]      999.894      992.733
clkcnt[6]      SPI|clk_i     FD1S3AX     D       clkcnt_s[6]      999.894      992.733
clkcnt[3]      SPI|clk_i     FD1S3AX     D       clkcnt_s[3]      999.894      992.876
clkcnt[4]      SPI|clk_i     FD1S3AX     D       clkcnt_s[4]      999.894      992.876
clkcnt[1]      SPI|clk_i     FD1S3AX     D       clkcnt_s[1]      999.894      993.019
clkcnt[2]      SPI|clk_i     FD1S3AX     D       clkcnt_s[2]      999.894      993.019
======================================================================================



Worst Path Information
***********************


Path information for path number 1: 
      Requested Period:                      1000.000
    - Setup time:                            0.106
    + Clock delay at ending point:           0.000 (ideal)
    = Required time:                         999.894

    - Propagation time:                      7.447
    - Clock delay at starting point:         0.000 (ideal)
    = Slack (critical) :                     992.447

    Number of logic level(s):                9
    Starting point:                          clkcnt[1] / Q
    Ending point:                            clkcnt[10] / D
    The start point is clocked by            SPI|clk_i [rising] on pin CK
    The end   point is clocked by            SPI|clk_i [rising] on pin CK

Instance / Net                           Pin      Pin               Arrival     No. of    
Name                        Type         Name     Dir     Delay     Time        Fan Out(s)
------------------------------------------------------------------------------------------
clkcnt[1]                   FD1S3AX      Q        Out     1.044     1.044       -         
clkcnt[1]                   Net          -        -       -         -           2         
wfifo.clkcnt43_i_0_o2_0     ORCALUT4     A        In      0.000     1.044       -         
wfifo.clkcnt43_i_0_o2_0     ORCALUT4     Z        Out     1.017     2.061       -         
clkcnt43_i_0_o2_0           Net          -        -       -         -           1         
wfifo.clkcnt43_i_0_o2       ORCALUT4     B        In      0.000     2.061       -         
wfifo.clkcnt43_i_0_o2       ORCALUT4     Z        Out     1.273     3.333       -         
N_72                        Net          -        -       -         -           9         
wfifo.clkcnt43_i_0          ORCALUT4     A        In      0.000     3.333       -         
wfifo.clkcnt43_i_0          ORCALUT4     Z        Out     0.449     3.782       -         
clkcnt                      Net          -        -       -         -           1         
clkcnt_cry_0[0]             CCU2D        B0       In      0.000     3.782       -         
clkcnt_cry_0[0]             CCU2D        COUT     Out     1.544     5.327       -         
clkcnt_cry[0]               Net          -        -       -         -           1         
clkcnt_cry_0[1]             CCU2D        CIN      In      0.000     5.327       -         
clkcnt_cry_0[1]             CCU2D        COUT     Out     0.143     5.470       -         
clkcnt_cry[2]               Net          -        -       -         -           1         
clkcnt_cry_0[3]             CCU2D        CIN      In      0.000     5.470       -         
clkcnt_cry_0[3]             CCU2D        COUT     Out     0.143     5.612       -         
clkcnt_cry[4]               Net          -        -       -         -           1         
clkcnt_cry_0[5]             CCU2D        CIN      In      0.000     5.612       -         
clkcnt_cry_0[5]             CCU2D        COUT     Out     0.143     5.755       -         
clkcnt_cry[6]               Net          -        -       -         -           1         
clkcnt_cry_0[7]             CCU2D        CIN      In      0.000     5.755       -         
clkcnt_cry_0[7]             CCU2D        COUT     Out     0.143     5.898       -         
clkcnt_cry[8]               Net          -        -       -         -           1         
clkcnt_cry_0[9]             CCU2D        CIN      In      0.000     5.898       -         
clkcnt_cry_0[9]             CCU2D        S1       Out     1.549     7.447       -         
clkcnt_s[10]                Net          -        -       -         -           1         
clkcnt[10]                  FD1S3AX      D        In      0.000     7.447       -         
==========================================================================================



##### END OF TIMING REPORT #####]

Timing exceptions that could not be applied
None

Finished final timing analysis (Real Time elapsed 0h:00m:02s; CPU Time elapsed 0h:00m:02s; Memory used current: 147MB peak: 148MB)


Finished timing report (Real Time elapsed 0h:00m:02s; CPU Time elapsed 0h:00m:02s; Memory used current: 147MB peak: 148MB)

---------------------------------------
Resource Usage Report
Part: lcmxo2_4000hc-4

Register bits: 66 of 4320 (2%)
PIC Latch:       0
I/O cells:       28


Details:
CCU2D:          6
DPR16X4C:       4
FD1P3DX:        11
FD1P3IX:        11
FD1S3AX:        15
FD1S3DX:        5
FD1S3IX:        7
GSR:            1
IB:             16
IFS1P3DX:       8
INV:            2
OB:             12
OFS1P3DX:       9
ORCALUT4:       93
PFUMX:          6
PUR:            1
VHI:            3
VLO:            3
Mapper successful!

At Mapper Exit (Real Time elapsed 0h:00m:02s; CPU Time elapsed 0h:00m:02s; Memory used current: 31MB peak: 148MB)

Process took 0h:00m:02s realtime, 0h:00m:02s cputime
# Sun Aug 25 10:40:15 2019

###########################################################]


Synthesis exit by 0.

edif2ngd  -l "MachXO2" -d LCMXO2-4000HC -path "E:/GIT/my_projects/FPGA/Verilog/SPI/SPI" -path "E:/GIT/my_projects/FPGA/Verilog/SPI"   "E:/GIT/my_projects/FPGA/Verilog/SPI/SPI/SPI_SPI.edi" "SPI_SPI.ngo"   
edif2ngd:  version Diamond (64-bit) 3.10.3.144

Copyright (c) 1991-1994 by NeoCAD Inc. All rights reserved.
Copyright (c) 1995 AT&T Corp.   All rights reserved.
Copyright (c) 1995-2001 Lucent Technologies Inc.  All rights reserved.
Copyright (c) 2001 Agere Systems   All rights reserved.
Copyright (c) 2002-2017 Lattice Semiconductor Corporation,  All rights reserved.
    <postMsg mid="1121028" type="Warning" dynamic="1" navigation="0" arg0="dw"  />
    <postMsg mid="1121028" type="Warning" dynamic="1" navigation="0" arg0="dw"  />
    <postMsg mid="1121028" type="Warning" dynamic="1" navigation="0" arg0="dw"  />
    <postMsg mid="1121028" type="Warning" dynamic="1" navigation="0" arg0="dw"  />
Writing the design to SPI_SPI.ngo...

Total CPU Time: 0 secs  

Total REAL Time: 0 secs  


ngdbuild  -a "MachXO2" -d LCMXO2-4000HC  -p "C:/lscc/diamond/3.10_x64/ispfpga/xo2c00/data"  -p "E:/GIT/my_projects/FPGA/Verilog/SPI/SPI" -p "E:/GIT/my_projects/FPGA/Verilog/SPI"  "SPI_SPI.ngo" "SPI_SPI.ngd"  	
ngdbuild:  version Diamond (64-bit) 3.10.3.144

Copyright (c) 1991-1994 by NeoCAD Inc. All rights reserved.
Copyright (c) 1995 AT&T Corp.   All rights reserved.
Copyright (c) 1995-2001 Lucent Technologies Inc.  All rights reserved.
Copyright (c) 2001 Agere Systems   All rights reserved.
Copyright (c) 2002-2017 Lattice Semiconductor Corporation,  All rights reserved.
Reading 'SPI_SPI.ngo' ...
Loading NGL library 'C:/lscc/diamond/3.10_x64/ispfpga/xo2c00a/data/xo2alib.ngl'...
Loading NGL library 'C:/lscc/diamond/3.10_x64/ispfpga/xo2c00/data/xo2clib.ngl'...
Loading NGL library 'C:/lscc/diamond/3.10_x64/ispfpga/mg5g00/data/mg5glib.ngl'...
Loading NGL library 'C:/lscc/diamond/3.10_x64/ispfpga/or5g00/data/orc5glib.ngl'...


Running DRC...

DRC complete with no errors or warnings

Design Results:
    212 blocks expanded
Complete the first expansion.
Writing 'SPI_SPI.ngd' ...
Total CPU Time: 0 secs  

Total REAL Time: 0 secs  


map -a "MachXO2" -p LCMXO2-4000HC -t TQFP144 -s 4 -oc Commercial   "SPI_SPI.ngd" -o "SPI_SPI_map.ncd" -pr "SPI_SPI.prf" -mp "SPI_SPI.mrp" -lpf "E:/GIT/my_projects/FPGA/Verilog/SPI/SPI/SPI_SPI_synplify.lpf" -lpf "E:/GIT/my_projects/FPGA/Verilog/SPI/SPI.lpf" -c 0            
map:  version Diamond (64-bit) 3.10.3.144

Copyright (c) 1991-1994 by NeoCAD Inc. All rights reserved.
Copyright (c) 1995 AT&T Corp.   All rights reserved.
Copyright (c) 1995-2001 Lucent Technologies Inc.  All rights reserved.
Copyright (c) 2001 Agere Systems   All rights reserved.
Copyright (c) 2002-2017 Lattice Semiconductor Corporation,  All rights reserved.
   Process the file: SPI_SPI.ngd
   Picdevice="LCMXO2-4000HC"

   Pictype="TQFP144"

   Picspeed=4

   Remove unused logic

   Do not produce over sized NCDs.

Part used: LCMXO2-4000HCTQFP144, Performance used: 4.

Loading device for application map from file 'xo2c4000.nph' in environment: C:/lscc/diamond/3.10_x64/ispfpga.
Package Status:                     Final          Version 1.44.

Running general design DRC...

Removing unused logic...

Optimizing...

    <postMsg mid="51001030" type="Warning" dynamic="1" navigation="0" arg0="rst_i_c"  />



Design Summary:
   Number of registers:     66 out of  4665 (1%)
      PFU registers:           49 out of  4320 (1%)
      PIO registers:           17 out of   345 (5%)
   Number of SLICEs:        66 out of  2160 (3%)
      SLICEs as Logic/ROM:     54 out of  2160 (3%)
      SLICEs as RAM:           12 out of  1620 (1%)
      SLICEs as Carry:          6 out of  2160 (0%)
   Number of LUT4s:        129 out of  4320 (3%)
      Number used as logic LUTs:         93
      Number used as distributed RAM:    24
      Number used as ripple logic:       12
      Number used as shift registers:     0
   Number of PIO sites used: 28 + 4(JTAG) out of 115 (28%)
   Number of block RAMs:  0 out of 10 (0%)
   Number of GSRs:  1 out of 1 (100%)
   EFB used :       No
   JTAG used :      No
   Readback used :  No
   Oscillator used :  No
   Startup used :   No
   POR :            On
   Bandgap :        On
   Number of Power Controller:  0 out of 1 (0%)
   Number of Dynamic Bank Controller (BCINRD):  0 out of 6 (0%)
   Number of Dynamic Bank Controller (BCLVDSO):  0 out of 1 (0%)
   Number of DCCA:  0 out of 8 (0%)
   Number of DCMA:  0 out of 2 (0%)
   Number of PLLs:  0 out of 2 (0%)
   Number of DQSDLLs:  0 out of 2 (0%)
   Number of CLKDIVC:  0 out of 4 (0%)
   Number of ECLKSYNCA:  0 out of 4 (0%)
   Number of ECLKBRIDGECS:  0 out of 2 (0%)
   Notes:-
      1. Total number of LUT4s = (Number of logic LUT4s) + 2*(Number of distributed RAMs) + 2*(Number of ripple logic)
      2. Number of logic LUT4s does not include count of distributed RAM and ripple logic.
   Number of clocks:  1
     Net clk_i_c: 56 loads, 56 rising, 0 falling (Driver: PIO clk_i )
   Number of Clock Enables:  8
     Net un1_sck_o_1_sqmuxa_0: 1 loads, 1 LSLICEs
     Net sper_0_sqmuxa: 5 loads, 4 LSLICEs
     Net spcr_0_sqmuxa: 7 loads, 0 LSLICEs
     Net wfifo/un1_clr_1_0: 1 loads, 1 LSLICEs
     Net wfifo/un1_re_0: 1 loads, 1 LSLICEs
     Net N_143: 5 loads, 5 LSLICEs
     Net rfifo/N_254_i: 1 loads, 1 LSLICEs
     Net rfifo/un1_re: 1 loads, 1 LSLICEs
   Number of local set/reset loads for net rst_i_c merged into GSR:  24
   Number of LSRs:  2
     Net spcr[6]: 12 loads, 12 LSLICEs
     Net rst_i_c: 2 loads, 2 LSLICEs
   Number of nets driven by tri-state buffers:  0
   Top 10 highest fanout non-clock nets:
     Net spcr[6]: 33 loads
     Net state[1]: 22 loads
     Net adr_i_c[1]: 18 loads
     Net adr_i_c[0]: 14 loads
     Net rfifo/rp[0]: 12 loads
     Net sper[1]: 12 loads
     Net wfifo/rp[0]: 12 loads
     Net N_103_i: 11 loads
     Net spcr[1]: 11 loads
     Net wfifo/rp[1]: 11 loads
 

   Number of warnings:  1
   Number of errors:    0



Total CPU Time: 0 secs  
Total REAL Time: 2 secs  
Peak Memory Usage: 34 MB

Dumping design to file SPI_SPI_map.ncd.

mpartrce -p "SPI_SPI.p2t" -f "SPI_SPI.p3t" -tf "SPI_SPI.pt" "SPI_SPI_map.ncd" "SPI_SPI.ncd"

---- MParTrce Tool ----
Removing old design directory at request of -rem command line option to this program.
Running par. Please wait . . .

Lattice Place and Route Report for Design "SPI_SPI_map.ncd"
Sun Aug 25 10:40:22 2019

PAR: Place And Route Diamond (64-bit) 3.10.3.144.
Command Line: par -w -l 5 -i 6 -t 1 -c 0 -e 0 -gui -msgset E:/GIT/my_projects/FPGA/Verilog/SPI/promote.xml -exp parUseNBR=1:parCDP=0:parCDR=0:parPathBased=OFF SPI_SPI_map.ncd SPI_SPI.dir/5_1.ncd SPI_SPI.prf
Preference file: SPI_SPI.prf.
Placement level-cost: 5-1.
Routing Iterations: 6

Loading design for application par from file SPI_SPI_map.ncd.
Design name: SPI
NCD version: 3.3
Vendor:      LATTICE
Device:      LCMXO2-4000HC
Package:     TQFP144
Performance: 4
Loading device for application par from file 'xo2c4000.nph' in environment: C:/lscc/diamond/3.10_x64/ispfpga.
Package Status:                     Final          Version 1.44.
Performance Hardware Data Status:   Final          Version 34.4.
License checked out.


Ignore Preference Error(s):  True
Device utilization summary:

   PIO (prelim)   28+4(JTAG)/280     11% used
                  28+4(JTAG)/115     28% bonded
   IOLOGIC           17/280           6% used

   SLICE             66/2160          3% used

   GSR                1/1           100% used


Number of Signals: 233
Number of Connections: 642

Pin Constraint Summary:
   0 out of 28 pins locked (0% locked).

The following 1 signal is selected to use the primary clock routing resources:
    clk_i_c (driver: clk_i, clk load #: 56)


No signal is selected as secondary clock.

Signal rst_i_c is selected as Global Set/Reset.
.
Starting Placer Phase 0.
.............
Finished Placer Phase 0.  REAL time: 4 secs 

Starting Placer Phase 1.
....................
Placer score = 22631.
Finished Placer Phase 1.  REAL time: 11 secs 

Starting Placer Phase 2.
.
Placer score =  22627
Finished Placer Phase 2.  REAL time: 11 secs 


------------------ Clock Report ------------------

Global Clock Resources:
  CLK_PIN    : 1 out of 8 (12%)
  PLL        : 0 out of 2 (0%)
  DCM        : 0 out of 2 (0%)
  DCC        : 0 out of 8 (0%)

Quadrants All (TL, TR, BL, BR) - Global Clocks:
  PRIMARY "clk_i_c" from comp "clk_i" on CLK_PIN site "55 (PB20A)", clk load = 56

  PRIMARY  : 1 out of 8 (12%)
  SECONDARY: 0 out of 8 (0%)

Edge Clocks:
  No edge clock selected.

--------------- End of Clock Report ---------------


I/O Usage Summary (final):
   28 + 4(JTAG) out of 280 (11.4%) PIO sites used.
   28 + 4(JTAG) out of 115 (27.8%) bonded PIO sites used.
   Number of PIO comps: 28; differential: 0.
   Number of Vref pins used: 0.

I/O Bank Usage Summary:
+----------+----------------+------------+-----------+
| I/O Bank | Usage          | Bank Vccio | Bank Vref |
+----------+----------------+------------+-----------+
| 0        | 3 / 28 ( 10%)  | 2.5V       | -         |
| 1        | 24 / 29 ( 82%) | 2.5V       | -         |
| 2        | 1 / 29 (  3%)  | 2.5V       | -         |
| 3        | 0 / 9 (  0%)   | -          | -         |
| 4        | 0 / 10 (  0%)  | -          | -         |
| 5        | 0 / 10 (  0%)  | -          | -         |
+----------+----------------+------------+-----------+

Total placer CPU time: 8 secs 

Dumping design to file SPI_SPI.dir/5_1.ncd.


-----------------------------------------------------------------
INFO - par: ASE feature is off due to non timing-driven settings.  
-----------------------------------------------------------------

0 connections routed; 642 unrouted.
Starting router resource preassignment

Completed router resource preassignment. Real time: 13 secs 

Start NBR router at 10:40:35 08/25/19

*****************************************************************
Info: NBR allows conflicts(one node used by more than one signal)
      in the earlier iterations. In each iteration, it tries to  
      solve the conflicts while keeping the critical connections 
      routed as short as possible. The routing process is said to
      be completed when no conflicts exist and all connections   
      are routed.                                                
Note: NBR uses a different method to calculate timing slacks. The
      worst slack and total negative slack may not be the same as
      that in TRCE report. You should always run TRCE to verify  
      your design.                                               
*****************************************************************

Start NBR special constraint process at 10:40:36 08/25/19

Start NBR section for initial routing at 10:40:36 08/25/19
Level 4, iteration 1
15(0.01%) conflicts; 0(0.00%) untouched conn; 0 (nbr) score; real time: 14 secs 

Info: Initial congestion level at 75% usage is 0
Info: Initial congestion area  at 75% usage is 0 (0.00%)

Start NBR section for normal routing at 10:40:36 08/25/19
Level 4, iteration 1
9(0.00%) conflicts; 0(0.00%) untouched conn; 0 (nbr) score; real time: 14 secs 
Level 4, iteration 2
3(0.00%) conflicts; 0(0.00%) untouched conn; 0 (nbr) score; real time: 14 secs 
Level 4, iteration 3
0(0.00%) conflict; 0(0.00%) untouched conn; 0 (nbr) score; real time: 14 secs 

Start NBR section for re-routing at 10:40:36 08/25/19
Level 4, iteration 1
0(0.00%) conflict; 0(0.00%) untouched conn; 0 (nbr) score; real time: 14 secs 

Start NBR section for post-routing at 10:40:36 08/25/19

End NBR router with 0 unrouted connection

NBR Summary
-----------
  Number of unrouted connections : 0 (0.00%)
  Number of connections with timing violations : 0 (0.00%)
  Estimated worst slack<setup> : <n/a>
  Timing score<setup> : 0
-----------
Notes: The timing info is calculated for SETUP only and all PAR_ADJs are ignored.



Total CPU time 10 secs 
Total REAL time: 14 secs 
Completely routed.
End of route.  642 routed (100.00%); 0 unrouted.

Hold time timing score: 0, hold timing errors: 0

Timing score: 0 

Dumping design to file SPI_SPI.dir/5_1.ncd.


PAR_SUMMARY::Run status = Success
PAR_SUMMARY::Number of unrouted conns = 0
PAR_SUMMARY::Worst  slack<setup/<ns>> = <n/a>
PAR_SUMMARY::Timing score<setup/<ns>> = <n/a>
PAR_SUMMARY::Worst  slack<hold /<ns>> = <n/a>
PAR_SUMMARY::Timing score<hold /<ns>> = <n/a>
PAR_SUMMARY::Number of errors = 0

Total CPU  time to completion: 10 secs 
Total REAL time to completion: 15 secs 

par done!

Copyright (c) 1991-1994 by NeoCAD Inc. All rights reserved.
Copyright (c) 1995 AT&T Corp.   All rights reserved.
Copyright (c) 1995-2001 Lucent Technologies Inc.  All rights reserved.
Copyright (c) 2001 Agere Systems   All rights reserved.
Copyright (c) 2002-2017 Lattice Semiconductor Corporation,  All rights reserved.
Exiting par with exit code 0
Exiting mpartrce with exit code 0

bitgen -f "SPI_SPI.t2b" -w "SPI_SPI.ncd" -jedec "SPI_SPI.prf"


BITGEN: Bitstream Generator Diamond (64-bit) 3.10.3.144
Copyright (c) 1991-1994 by NeoCAD Inc. All rights reserved.
Copyright (c) 1995 AT&T Corp.   All rights reserved.
Copyright (c) 1995-2001 Lucent Technologies Inc.  All rights reserved.
Copyright (c) 2001 Agere Systems   All rights reserved.
Copyright (c) 2002-2017 Lattice Semiconductor Corporation,  All rights reserved.


Loading design for application Bitgen from file SPI_SPI.ncd.
Design name: SPI
NCD version: 3.3
Vendor:      LATTICE
Device:      LCMXO2-4000HC
Package:     TQFP144
Performance: 4
Loading device for application Bitgen from file 'xo2c4000.nph' in environment: C:/lscc/diamond/3.10_x64/ispfpga.
Package Status:                     Final          Version 1.44.
Performance Hardware Data Status:   Final          Version 34.4.

Running DRC.
DRC detected 0 errors and 0 warnings.
Reading Preference File from SPI_SPI.prf.

Preference Summary:
+---------------------------------+---------------------------------+
|  Preference                     |  Current Setting                |
+---------------------------------+---------------------------------+
|                         RamCfg  |                        Reset**  |
+---------------------------------+---------------------------------+
|                     MCCLK_FREQ  |                         2.08**  |
+---------------------------------+---------------------------------+
|                  CONFIG_SECURE  |                          OFF**  |
+---------------------------------+---------------------------------+
|                          INBUF  |                           ON**  |
+---------------------------------+---------------------------------+
|                      JTAG_PORT  |                       ENABLE**  |
+---------------------------------+---------------------------------+
|                       SDM_PORT  |                      DISABLE**  |
+---------------------------------+---------------------------------+
|                 SLAVE_SPI_PORT  |                      DISABLE**  |
+---------------------------------+---------------------------------+
|                MASTER_SPI_PORT  |                      DISABLE**  |
+---------------------------------+---------------------------------+
|                       I2C_PORT  |                      DISABLE**  |
+---------------------------------+---------------------------------+
|        MUX_CONFIGURATION_PORTS  |                      DISABLE**  |
+---------------------------------+---------------------------------+
|                  CONFIGURATION  |                          CFG**  |
+---------------------------------+---------------------------------+
|                COMPRESS_CONFIG  |                           ON**  |
+---------------------------------+---------------------------------+
|                        MY_ASSP  |                          OFF**  |
+---------------------------------+---------------------------------+
|               ONE_TIME_PROGRAM  |                          OFF**  |
+---------------------------------+---------------------------------+
|                 ENABLE_TRANSFR  |                      DISABLE**  |
+---------------------------------+---------------------------------+
|                  SHAREDEBRINIT  |                      DISABLE**  |
+---------------------------------+---------------------------------+
|            BACKGROUND_RECONFIG  |                          OFF**  |
+---------------------------------+---------------------------------+
 *  Default setting.
 ** The specified setting matches the default setting.


Creating bit map...
 
Bitstream Status: Final           Version 1.94.
 
Saving bit stream in "SPI_SPI.jed".
 
===========
UFM Summary.
===========
UFM Size:        767 Pages (128*767 Bits).
UFM Utilization: General Purpose Flash Memory.
 
Available General Purpose Flash Memory:  767 Pages (Page 0 to Page 766).
Initialized UFM Pages:                     0 Page.
 
