# ELBREAD: Elaboration process.
# ELBREAD: Elaboration time 0.0 [s].
alog -O2 -sve -msg 5 -sv2k12 -work card_driver $dsn/src/card_driver.v $dsn/src/SPI_cont.v $dsn/src/card_driver_tb.v
# Pass 1. Scanning modules hierarchy.
# Info: VCP2113 Module \$root found in current working library.
# Pass 2. Processing instantiations.
# Pass 3. Processing behavioral statements.
# Running Optimizer.
# ELB/DAG code generating.
# Info: VCP2113 Module \$root found in current working library.
# Unit top modules: card_driver_tb.
# $root top modules: card_driver_tb.
# Compile success 0 Errors 0 Warnings  Analysis time: 0[s].
# Warning: ALOG: The source is compiled without the -dbg switch. Line breakpoints and assertion debug will not be available.
# done
asim -O5 +access +r card_driver
# ELBREAD: Elaboration process.
# ELBREAD: Elaboration time 0.0 [s].
# VSIM: Stack memory: 32MB
# VSIM: Retval memory: 32MB
# 
# KERNEL: Main thread initiated.
# KERNEL: Kernel process initialization phase.
# KERNEL: Time resolution set to 1ns.
# ELAB2: Elaboration final pass...
# ELAB2: Create instances ...
# ELAB2: Create instances complete.
# SLP: Started
# SLP: Elaboration phase ...
# SLP: Elaboration phase ... done : 0.1 [s]
# SLP: Generation phase ...
# SLP: Generation phase ... done : 1.1 [s]
# SLP: Finished : 1.2 [s]
# SLP: 0 primitives and 5 (100.00%) other processes in SLP
# SLP: 34 (100.00%) signals in SLP and 0 interface signals
# ELAB2: Elaboration final pass complete - time: 1.3 [s].
# KERNEL: SLP loading done - time: 0.0 [s].
# KERNEL: Warning: You are using the Active-HDL Student Edition. The performance of simulation is running at a reduced rate.
# KERNEL: Warning: Contact Aldec for available upgrade options - sales@aldec.com.
# KERNEL: SLP simulation initialization done - time: 0.0 [s].
# KERNEL: Kernel process initialization done.
# Allocation: Simulator allocated 5525 kB (elbread=1280 elab2=4111 kernel=133 sdf=0)
# KERNEL: ASDB file was created in location e:\GIT\my_projects\FPGA\Verilog\card_driver\card_driver\card_driver\src\wave.asdb
#  23:51, czwartek, 21 listopada 2019
#  Simulation has been initialized
# 17 signal(s) traced.
# Waveform file 'untitled.awc' connected to 'e:/GIT/my_projects/FPGA/Verilog/card_driver/card_driver/card_driver/src/wave.asdb'.
# 17 signal(s) traced.
run 1000 ns
# KERNEL: stopped at time: 1 us
# KERNEL: Simulation has finished. There are no more test vectors to simulate.
run 1000 ns
# KERNEL: stopped at time: 2 us
# KERNEL: Simulation has finished. There are no more test vectors to simulate.
run 1000 ns
# KERNEL: stopped at time: 3 us
# KERNEL: Simulation has finished. There are no more test vectors to simulate.
run 1000 ns
# KERNEL: stopped at time: 4 us
# KERNEL: Simulation has finished. There are no more test vectors to simulate.
run 1000 ns
# KERNEL: stopped at time: 5 us
# KERNEL: Simulation has finished. There are no more test vectors to simulate.
run 1000 ns
# KERNEL: stopped at time: 6 us
# KERNEL: Simulation has finished. There are no more test vectors to simulate.
run 1000 ns
# KERNEL: stopped at time: 7 us
# KERNEL: Simulation has finished. There are no more test vectors to simulate.
run 1000 ns
# KERNEL: stopped at time: 8 us
# KERNEL: Simulation has finished. There are no more test vectors to simulate.
run 1000 ns
# KERNEL: stopped at time: 9 us
# KERNEL: Simulation has finished. There are no more test vectors to simulate.
run 10000 ns
# KERNEL: stopped at time: 19 us
# KERNEL: Simulation has finished. There are no more test vectors to simulate.
run 10000 ns
# KERNEL: stopped at time: 29 us
# KERNEL: Simulation has finished. There are no more test vectors to simulate.
run 10000 ns
# KERNEL: stopped at time: 39 us
# KERNEL: Simulation has finished. There are no more test vectors to simulate.
run 10000 ns
# KERNEL: stopped at time: 49 us
# KERNEL: Simulation has finished. There are no more test vectors to simulate.
run 10000 ns
# KERNEL: stopped at time: 59 us
# KERNEL: Simulation has finished. There are no more test vectors to simulate.
run 10000 ns
# KERNEL: stopped at time: 69 us
# KERNEL: Simulation has finished. There are no more test vectors to simulate.
run 10000 ns
# KERNEL: stopped at time: 79 us
# KERNEL: Simulation has finished. There are no more test vectors to simulate.
run 10000 ns
# KERNEL: stopped at time: 89 us
# KERNEL: Simulation has finished. There are no more test vectors to simulate.
run 10000 ns
# KERNEL: stopped at time: 99 us
# KERNEL: Simulation has finished. There are no more test vectors to simulate.
run 10000 ns
# KERNEL: stopped at time: 109 us
# KERNEL: Simulation has finished. There are no more test vectors to simulate.
alog -O2 -sve -msg 5 -sv2k12 -work card_driver $dsn/src/card_driver.v $dsn/src/SPI_cont.v $dsn/src/card_driver_tb.v
# Pass 1. Scanning modules hierarchy.
# Info: VCP2113 Module \$root found in current working library.
# Pass 2. Processing instantiations.
# Pass 3. Processing behavioral statements.
# Running Optimizer.
# ELB/DAG code generating.
# Info: VCP2113 Module \$root found in current working library.
# Unit top modules: card_driver_tb.
# $root top modules: card_driver_tb.
# Compile success 0 Errors 0 Warnings  Analysis time: 0[s].
# Warning: ALOG: The source is compiled without the -dbg switch. Line breakpoints and assertion debug will not be available.
# done
alog -O2 -sve -msg 5 -sv2k12 -work card_driver $dsn/src/card_driver.v $dsn/src/SPI_cont.v $dsn/src/card_driver_tb.v
# Pass 1. Scanning modules hierarchy.
# Info: VCP2113 Module \$root found in current working library.
# Pass 2. Processing instantiations.
# Pass 3. Processing behavioral statements.
# Running Optimizer.
# ELB/DAG code generating.
# Info: VCP2113 Module \$root found in current working library.
# Unit top modules: card_driver_tb.
# $root top modules: card_driver_tb.
# Compile success 0 Errors 0 Warnings  Analysis time: 0[s].
# Warning: ALOG: The source is compiled without the -dbg switch. Line breakpoints and assertion debug will not be available.
# done
endsim
# VSIM: Simulation has finished.
alog -O2 -sve -msg 5 -sv2k12 -work card_driver $dsn/src/card_driver.v $dsn/src/SPI_cont.v $dsn/src/card_driver_tb.v
# Pass 1. Scanning modules hierarchy.
# Info: VCP2113 Module \$root found in current working library.
# Pass 2. Processing instantiations.
# Pass 3. Processing behavioral statements.
# Running Optimizer.
# ELB/DAG code generating.
# Info: VCP2113 Module \$root found in current working library.
# Unit top modules: card_driver_tb.
# $root top modules: card_driver_tb.
# Compile success 0 Errors 0 Warnings  Analysis time: 0[s].
# Warning: ALOG: The source is compiled without the -dbg switch. Line breakpoints and assertion debug will not be available.
# done
asim -O5 +access +r card_driver
# ELBREAD: Elaboration process.
# ELBREAD: Elaboration time 0.0 [s].
# VSIM: Stack memory: 32MB
# VSIM: Retval memory: 32MB
# 
# KERNEL: Main thread initiated.
# KERNEL: Kernel process initialization phase.
# KERNEL: Time resolution set to 1ns.
# ELAB2: Elaboration final pass...
# ELAB2: Create instances ...
# ELAB2: Create instances complete.
# SLP: Started
# SLP: Elaboration phase ...
# SLP: Elaboration phase ... done : 0.1 [s]
# SLP: Generation phase ...
# SLP: Generation phase ... done : 0.8 [s]
# SLP: Finished : 1.0 [s]
# SLP: 0 primitives and 5 (100.00%) other processes in SLP
# SLP: 34 (100.00%) signals in SLP and 0 interface signals
# ELAB2: Elaboration final pass complete - time: 1.0 [s].
# KERNEL: SLP loading done - time: 0.0 [s].
# KERNEL: Warning: You are using the Active-HDL Student Edition. The performance of simulation is running at a reduced rate.
# KERNEL: Warning: Contact Aldec for available upgrade options - sales@aldec.com.
# KERNEL: SLP simulation initialization done - time: 0.0 [s].
# KERNEL: Kernel process initialization done.
# Allocation: Simulator allocated 5525 kB (elbread=1280 elab2=4111 kernel=133 sdf=0)
# KERNEL: ASDB file was created in location e:\GIT\my_projects\FPGA\Verilog\card_driver\card_driver\card_driver\src\wave.asdb
#  23:53, czwartek, 21 listopada 2019
#  Simulation has been initialized
# 17 signal(s) traced.
# Waveform file 'untitled.awc' connected to 'e:/GIT/my_projects/FPGA/Verilog/card_driver/card_driver/card_driver/src/wave.asdb'.
run 10000 ns
# KERNEL: stopped at time: 10 us
# KERNEL: Simulation has finished. There are no more test vectors to simulate.
run 10000 ns
# KERNEL: stopped at time: 20 us
# KERNEL: Simulation has finished. There are no more test vectors to simulate.
run 10000 ns
# KERNEL: stopped at time: 30 us
# KERNEL: Simulation has finished. There are no more test vectors to simulate.
alog -O2 -sve -msg 5 -sv2k12 -work card_driver $dsn/src/card_driver.v $dsn/src/SPI_cont.v $dsn/src/card_driver_tb.v
# Pass 1. Scanning modules hierarchy.
# Info: VCP2113 Module \$root found in current working library.
# Pass 2. Processing instantiations.
# Pass 3. Processing behavioral statements.
# Running Optimizer.
# ELB/DAG code generating.
# Info: VCP2113 Module \$root found in current working library.
# Unit top modules: card_driver_tb.
# $root top modules: card_driver_tb.
# Compile success 0 Errors 0 Warnings  Analysis time: 0[s].
# Warning: ALOG: The source is compiled without the -dbg switch. Line breakpoints and assertion debug will not be available.
# done
# ELBREAD: Elaboration process.
# ELBREAD: Elaboration time 0.0 [s].
# ELBREAD: Elaboration process.
# ELBREAD: Elaboration time 0.0 [s].
# ELBREAD: Elaboration process.
# ELBREAD: Elaboration time 0.0 [s].
alog -O2 -sve -msg 5 -sv2k12 -work card_driver $dsn/src/card_driver.v $dsn/src/SPI_cont.v $dsn/src/card_driver_tb.v
# Pass 1. Scanning modules hierarchy.
# Info: VCP2113 Module \$root found in current working library.
# Pass 2. Processing instantiations.
# Pass 3. Processing behavioral statements.
# Running Optimizer.
# ELB/DAG code generating.
# Info: VCP2113 Module \$root found in current working library.
# Unit top modules: card_driver_tb.
# $root top modules: card_driver_tb.
# Compile success 0 Errors 0 Warnings  Analysis time: 0[s].
# Warning: ALOG: The source is compiled without the -dbg switch. Line breakpoints and assertion debug will not be available.
# done
asim -O5 +access +r card_driver_tb
# ELBREAD: Elaboration process.
# ELBREAD: Elaboration time 0.0 [s].
# VSIM: Stack memory: 32MB
# VSIM: Retval memory: 32MB
# 
# KERNEL: Main thread initiated.
# KERNEL: Kernel process initialization phase.
# KERNEL: Time resolution set to 1ns.
# ELAB2: Elaboration final pass...
# ELAB2: Create instances ...
# ELAB2: Create instances complete.
# SLP: Started
# SLP: Elaboration phase ...
# SLP: Elaboration phase ... done : 0.1 [s]
# SLP: Generation phase ...
# SLP: Generation phase ... done : 0.9 [s]
# SLP: Finished : 1.0 [s]
# SLP: 0 primitives and 11 (100.00%) other processes in SLP
# SLP: 45 (100.00%) signals in SLP and 0 interface signals
# ELAB2: Elaboration final pass complete - time: 1.0 [s].
# KERNEL: SLP loading done - time: 0.0 [s].
# KERNEL: Warning: You are using the Active-HDL Student Edition. The performance of simulation is running at a reduced rate.
# KERNEL: Warning: Contact Aldec for available upgrade options - sales@aldec.com.
# KERNEL: SLP simulation initialization done - time: 0.0 [s].
# KERNEL: Kernel process initialization done.
# Allocation: Simulator allocated 5528 kB (elbread=1280 elab2=4115 kernel=133 sdf=0)
# KERNEL: ASDB file was created in location e:\GIT\my_projects\FPGA\Verilog\card_driver\card_driver\card_driver\src\wave.asdb
#  23:55, czwartek, 21 listopada 2019
#  Simulation has been initialized
# 11 signal(s) traced.
# Waveform file 'untitled.awc' connected to 'e:/GIT/my_projects/FPGA/Verilog/card_driver/card_driver/card_driver/src/wave.asdb'.
run 10000 ns
# KERNEL: stopped at time: 10 us
