# ELBREAD: Elaboration process.
# ELBREAD: Elaboration time 0.2 [s].
alog -O2 -sve -msg 5 -sv2k12 -work SPI_cont $dsn/src/SPI_cont.v $dsn/src/SPI_cont_tb.v
# Pass 1. Scanning modules hierarchy.
# Info: VCP2113 Module \$root found in current working library.
# Pass 2. Processing instantiations.
# Pass 3. Processing behavioral statements.
# Error: VCP5103 SPI_cont.v : (104, 26): Undeclared identifier: period3.
# Compile failure 1 Errors 0 Warnings  Analysis time: 1[s].
alog -O2 -sve -msg 5 -sv2k12 -work SPI_cont $dsn/src/SPI_cont.v $dsn/src/SPI_cont_tb.v
# Pass 1. Scanning modules hierarchy.
# Info: VCP2113 Module \$root found in current working library.
# Pass 2. Processing instantiations.
# Pass 3. Processing behavioral statements.
# Running Optimizer.
# ELB/DAG code generating.
# Info: VCP2113 Module \$root found in current working library.
# Unit top modules: SPI_cont_tb.
# $root top modules: microSD_tb SPI_cont_tb.
# Compile success 0 Errors 0 Warnings  Analysis time: 0[s].
# Warning: ALOG: The source is compiled without the -dbg switch. Line breakpoints and assertion debug will not be available.
# done
alog -O2 -sve -msg 5 -sv2k12 -work SPI_cont $dsn/src/SPI_cont.v $dsn/src/SPI_cont_tb.v
# Pass 1. Scanning modules hierarchy.
# Info: VCP2113 Module \$root found in current working library.
# Pass 2. Processing instantiations.
# Pass 3. Processing behavioral statements.
# Running Optimizer.
# ELB/DAG code generating.
# Info: VCP2113 Module \$root found in current working library.
# Unit top modules: SPI_cont_tb.
# $root top modules: microSD_tb SPI_cont_tb.
# Compile success 0 Errors 0 Warnings  Analysis time: 0[s].
# Warning: ALOG: The source is compiled without the -dbg switch. Line breakpoints and assertion debug will not be available.
# done
asim -O5 +access +r +m+SPI_cont_tb SPI_cont_tb
# ELBREAD: Elaboration process.
# ELBREAD: Elaboration time 0.0 [s].
# VSIM: Stack memory: 32MB
# VSIM: Retval memory: 32MB
# 
# KERNEL: Main thread initiated.
# KERNEL: Kernel process initialization phase.
# KERNEL: Time resolution set to 1ns.
# ELAB2: Elaboration final pass...
# ELAB2: Create instances ...
# ELAB2: Create instances complete.
# SLP: Started
# SLP: Elaboration phase ...
# SLP: Elaboration phase ... done : 0.1 [s]
# SLP: Generation phase ...
# SLP: Generation phase ... done : 1.0 [s]
# SLP: Finished : 1.1 [s]
# SLP: 0 primitives and 9 (100.00%) other processes in SLP
# SLP: 35 (100.00%) signals in SLP and 0 interface signals
# ELAB2: Elaboration final pass complete - time: 1.3 [s].
# KERNEL: SLP loading done - time: 0.3 [s].
# KERNEL: Warning: You are using the Active-HDL Student Edition. The performance of simulation is running at a reduced rate.
# KERNEL: Warning: Contact Aldec for available upgrade options - sales@aldec.com.
# KERNEL: SLP simulation initialization done - time: 0.0 [s].
# KERNEL: Kernel process initialization done.
# Allocation: Simulator allocated 5519 kB (elbread=1280 elab2=4106 kernel=133 sdf=0)
# KERNEL: ASDB file was created in location e:\GIT\my_projects\FPGA\Verilog\SPI_cont\SPI_cont\src\wave.asdb
#  19:29, sobota, 5 paüdziernika 2019
#  Simulation has been initialized
# 12 signal(s) traced.
# Waveform file 'untitled.awc' connected to 'e:/GIT/my_projects/FPGA/Verilog/SPI_cont/SPI_cont/src/wave.asdb'.
run 100 ns
# KERNEL: stopped at time: 100 ns
run 100 ns
# KERNEL: stopped at time: 200 ns
endsim
# VSIM: Simulation has finished.
alog -O2 -sve -msg 5 -sv2k12 -work SPI_cont $dsn/src/SPI_cont.v $dsn/src/SPI_cont_tb.v
# Pass 1. Scanning modules hierarchy.
# Info: VCP2113 Module \$root found in current working library.
# Pass 2. Processing instantiations.
# Pass 3. Processing behavioral statements.
# Running Optimizer.
# ELB/DAG code generating.
# Info: VCP2113 Module \$root found in current working library.
# Unit top modules: SPI_cont_tb.
# $root top modules: microSD_tb SPI_cont_tb.
# Compile success 0 Errors 0 Warnings  Analysis time: 0[s].
# Warning: ALOG: The source is compiled without the -dbg switch. Line breakpoints and assertion debug will not be available.
# done
asim -O5 +access +r +m+SPI_cont_tb SPI_cont_tb
# ELBREAD: Elaboration process.
# ELBREAD: Elaboration time 0.0 [s].
# VSIM: Stack memory: 32MB
# VSIM: Retval memory: 32MB
# 
# KERNEL: Main thread initiated.
# KERNEL: Kernel process initialization phase.
# KERNEL: Time resolution set to 1ns.
# ELAB2: Elaboration final pass...
# ELAB2: Create instances ...
# ELAB2: Create instances complete.
# SLP: Started
# SLP: Elaboration phase ...
# SLP: Elaboration phase ... done : 0.1 [s]
# SLP: Generation phase ...
# SLP: Generation phase ... done : 0.6 [s]
# SLP: Finished : 0.7 [s]
# SLP: 0 primitives and 9 (100.00%) other processes in SLP
# SLP: 35 (100.00%) signals in SLP and 0 interface signals
# ELAB2: Elaboration final pass complete - time: 0.8 [s].
# KERNEL: SLP loading done - time: 0.0 [s].
# KERNEL: Warning: You are using the Active-HDL Student Edition. The performance of simulation is running at a reduced rate.
# KERNEL: Warning: Contact Aldec for available upgrade options - sales@aldec.com.
# KERNEL: SLP simulation initialization done - time: 0.0 [s].
# KERNEL: Kernel process initialization done.
# Allocation: Simulator allocated 5519 kB (elbread=1280 elab2=4106 kernel=133 sdf=0)
# KERNEL: ASDB file was created in location e:\GIT\my_projects\FPGA\Verilog\SPI_cont\SPI_cont\src\wave.asdb
#  19:57, sobota, 5 paüdziernika 2019
#  Simulation has been initialized
# Waveform file 'untitled.awc' connected to 'e:/GIT/my_projects/FPGA/Verilog/SPI_cont/SPI_cont/src/wave.asdb'.
run 100 ns
# KERNEL: stopped at time: 100 ns
run 100 ns
# KERNEL: stopped at time: 200 ns
endsim
# VSIM: Simulation has finished.
alog -O2 -sve -msg 5 -sv2k12 -work SPI_cont $dsn/src/SPI_cont.v $dsn/src/SPI_cont_tb.v
# Pass 1. Scanning modules hierarchy.
# Info: VCP2113 Module \$root found in current working library.
# Pass 2. Processing instantiations.
# Warning: VCP2590 SPI_cont_tb.v : (10, 1): Undefined port RD_TEST in module SPI_cont.
# Pass 3. Processing behavioral statements.
# Running Optimizer.
# ELB/DAG code generating.
# Info: VCP2113 Module \$root found in current working library.
# Unit top modules: SPI_cont_tb.
# $root top modules: microSD_tb SPI_cont_tb.
# Compile success 0 Errors 1 Warnings  Analysis time: 0[s].
# Warning: ALOG: The source is compiled without the -dbg switch. Line breakpoints and assertion debug will not be available.
# done
asim -O5 +access +r +m+SPI_cont_tb SPI_cont_tb
# ELBREAD: Elaboration process.
# ELBREAD: Elaboration time 0.0 [s].
# VSIM: Stack memory: 32MB
# VSIM: Retval memory: 32MB
# 
# KERNEL: Main thread initiated.
# KERNEL: Kernel process initialization phase.
# KERNEL: Time resolution set to 1ns.
# ELAB2: Elaboration final pass...
# ELAB2: Create instances ...
# ELBREAD: Error: ELBREAD_0097 SPI_cont_tb.v (10): Port 'RD_TEST' not found in spi_cont.SPI_cont instantiated in unit spi_cont.SPI_cont_tb.
# KERNEL: Error: E8005 : Kernel process initialization failed.
# VSIM: Error: Simulation initialization failed.
alog -O2 -sve -msg 5 -sv2k12 -work SPI_cont $dsn/src/SPI_cont.v $dsn/src/SPI_cont_tb.v
# Pass 1. Scanning modules hierarchy.
# Info: VCP2113 Module \$root found in current working library.
# Pass 2. Processing instantiations.
# Pass 3. Processing behavioral statements.
# Running Optimizer.
# ELB/DAG code generating.
# Info: VCP2113 Module \$root found in current working library.
# Unit top modules: SPI_cont_tb.
# $root top modules: microSD_tb SPI_cont_tb.
# Compile success 0 Errors 0 Warnings  Analysis time: 0[s].
# Warning: ALOG: The source is compiled without the -dbg switch. Line breakpoints and assertion debug will not be available.
# done
alog -O2 -sve -msg 5 -sv2k12 -work SPI_cont $dsn/src/SPI_cont.v $dsn/src/SPI_cont_tb.v
# Pass 1. Scanning modules hierarchy.
# Info: VCP2113 Module \$root found in current working library.
# Pass 2. Processing instantiations.
# Pass 3. Processing behavioral statements.
# Running Optimizer.
# ELB/DAG code generating.
# Info: VCP2113 Module \$root found in current working library.
# Unit top modules: SPI_cont_tb.
# $root top modules: microSD_tb SPI_cont_tb.
# Compile success 0 Errors 0 Warnings  Analysis time: 0[s].
# Warning: ALOG: The source is compiled without the -dbg switch. Line breakpoints and assertion debug will not be available.
# done
alog -O2 -sve -msg 5 -sv2k12 -work SPI_cont $dsn/src/SPI_cont.v $dsn/src/SPI_cont_tb.v
# Pass 1. Scanning modules hierarchy.
# Info: VCP2113 Module \$root found in current working library.
# Pass 2. Processing instantiations.
# Pass 3. Processing behavioral statements.
# Running Optimizer.
# ELB/DAG code generating.
# Info: VCP2113 Module \$root found in current working library.
# Unit top modules: SPI_cont_tb.
# $root top modules: microSD_tb SPI_cont_tb.
# Compile success 0 Errors 0 Warnings  Analysis time: 0[s].
# Warning: ALOG: The source is compiled without the -dbg switch. Line breakpoints and assertion debug will not be available.
# done
asim -O5 +access +r +m+SPI_cont_tb SPI_cont_tb
# ELBREAD: Elaboration process.
# ELBREAD: Elaboration time 0.0 [s].
# VSIM: Stack memory: 32MB
# VSIM: Retval memory: 32MB
# 
# KERNEL: Main thread initiated.
# KERNEL: Kernel process initialization phase.
# KERNEL: Time resolution set to 1ns.
# ELAB2: Elaboration final pass...
# ELAB2: Create instances ...
# ELAB2: Create instances complete.
# SLP: Started
# SLP: Elaboration phase ...
# SLP: Elaboration phase ... done : 0.0 [s]
# SLP: Generation phase ...
# SLP: Generation phase ... done : 0.6 [s]
# SLP: Finished : 0.7 [s]
# SLP: 0 primitives and 9 (100.00%) other processes in SLP
# SLP: 33 (100.00%) signals in SLP and 0 interface signals
# ELAB2: Elaboration final pass complete - time: 0.8 [s].
# KERNEL: SLP loading done - time: 0.0 [s].
# KERNEL: Warning: You are using the Active-HDL Student Edition. The performance of simulation is running at a reduced rate.
# KERNEL: Warning: Contact Aldec for available upgrade options - sales@aldec.com.
# KERNEL: SLP simulation initialization done - time: 0.0 [s].
# KERNEL: Kernel process initialization done.
# Allocation: Simulator allocated 5519 kB (elbread=1280 elab2=4106 kernel=133 sdf=0)
# KERNEL: ASDB file was created in location e:\GIT\my_projects\FPGA\Verilog\SPI_cont\SPI_cont\src\wave.asdb
#  20:10, sobota, 5 paüdziernika 2019
#  Simulation has been initialized
# Waveform file 'untitled.awc' connected to 'e:/GIT/my_projects/FPGA/Verilog/SPI_cont/SPI_cont/src/wave.asdb'.
# Warning: WAVEFORM: Object matching /SPI_cont_tb/TEST not found in e:/GIT/my_projects/FPGA/Verilog/SPI_cont/SPI_cont/src/wave.asdb.
run 100 ns
# KERNEL: stopped at time: 100 ns
run 100 ns
# KERNEL: stopped at time: 200 ns
# Waveform file 'e:/GIT/my_projects/FPGA/Verilog/SPI_cont/SPI_cont/src/write_and_read.awc' connected to 'e:/GIT/my_projects/FPGA/Verilog/SPI_cont/SPI_cont/src/write_and_read.asdb'.
# Adding file e:\GIT\my_projects\FPGA\Verilog\SPI_cont\SPI_cont\src\write_and_read.asdb ... Done
# Adding file e:\GIT\my_projects\FPGA\Verilog\SPI_cont\SPI_cont\src\write_and_read.awc ... Done
endsim
# VSIM: Simulation has finished.
